[debug] [2023-10-27T08:37:23.632Z] ----------------------------------------------------------------------
[debug] [2023-10-27T08:37:23.633Z] Command:       /Users/matteosoresini/.nvm/versions/node/v16.20.1/bin/node /Users/matteosoresini/.nvm/versions/node/v16.20.1/bin/firebase deploy
[debug] [2023-10-27T08:37:23.633Z] CLI Version:   12.7.0
[debug] [2023-10-27T08:37:23.633Z] Platform:      darwin
[debug] [2023-10-27T08:37:23.633Z] Node Version:  v16.20.1
[debug] [2023-10-27T08:37:23.635Z] Time:          Fri Oct 27 2023 10:37:23 GMT+0200 (Central European Summer Time)
[debug] [2023-10-27T08:37:23.635Z] ----------------------------------------------------------------------
[debug] 
[debug] [2023-10-27T08:37:23.669Z] > command requires scopes: ["email","openid","https://www.googleapis.com/auth/cloudplatformprojects.readonly","https://www.googleapis.com/auth/firebase","https://www.googleapis.com/auth/cloud-platform"]
[debug] [2023-10-27T08:37:23.669Z] > authorizing via signed-in user (matteo.soresini90@gmail.com)
[debug] [2023-10-27T08:37:23.669Z] [iam] checking project blendon-barber-shop for permissions ["firebase.projects.get","firebasehosting.sites.update"]
[debug] [2023-10-27T08:37:23.670Z] >>> [apiv2][query] POST https://cloudresourcemanager.googleapis.com/v1/projects/blendon-barber-shop:testIamPermissions [none]
[debug] [2023-10-27T08:37:23.670Z] >>> [apiv2][(partial)header] POST https://cloudresourcemanager.googleapis.com/v1/projects/blendon-barber-shop:testIamPermissions x-goog-quota-user=projects/blendon-barber-shop
[debug] [2023-10-27T08:37:23.670Z] >>> [apiv2][body] POST https://cloudresourcemanager.googleapis.com/v1/projects/blendon-barber-shop:testIamPermissions {"permissions":["firebase.projects.get","firebasehosting.sites.update"]}
[debug] [2023-10-27T08:37:24.809Z] <<< [apiv2][status] POST https://cloudresourcemanager.googleapis.com/v1/projects/blendon-barber-shop:testIamPermissions 200
[debug] [2023-10-27T08:37:24.809Z] <<< [apiv2][body] POST https://cloudresourcemanager.googleapis.com/v1/projects/blendon-barber-shop:testIamPermissions {"permissions":["firebase.projects.get","firebasehosting.sites.update"]}
[debug] [2023-10-27T08:37:24.809Z] >>> [apiv2][query] GET https://firebase.googleapis.com/v1beta1/projects/blendon-barber-shop [none]
[debug] [2023-10-27T08:37:25.388Z] <<< [apiv2][status] GET https://firebase.googleapis.com/v1beta1/projects/blendon-barber-shop 200
[debug] [2023-10-27T08:37:25.389Z] <<< [apiv2][body] GET https://firebase.googleapis.com/v1beta1/projects/blendon-barber-shop {"projectId":"blendon-barber-shop","projectNumber":"178810929925","displayName":"blendon-barber-shop","name":"projects/blendon-barber-shop","resources":{"hostingSite":"blendon-barber-shop"},"state":"ACTIVE","etag":"1_dbc34e59-6078-4b0f-82c6-34f018a140e0"}
[info] 
[info] === Deploying to 'blendon-barber-shop'...
[info] 
[info] i  deploying hosting 
[debug] [2023-10-27T08:37:25.393Z] >>> [apiv2][query] POST https://firebasehosting.googleapis.com/v1beta1/projects/-/sites/blendon-barber-shop/versions [none]
[debug] [2023-10-27T08:37:25.393Z] >>> [apiv2][body] POST https://firebasehosting.googleapis.com/v1beta1/projects/-/sites/blendon-barber-shop/versions {"status":"CREATED","labels":{"deployment-tool":"cli-firebase"}}
